DESC version 0+untagged.5938.g4e98eb5.dirty,using JAX backend, jax version=0.4.2, jaxlib version=0.4.1, dtype=float64
Using device: NVIDIA A100-PCIE-40GB (id=0), with 40.00 GB available memory
/home/jb8985/DESC/desc/io/hdf5_io.py:125: RuntimeWarning: Save attribute '_anisotropy' was not loaded.
  warnings.warn(
Time from beginning until here: 25.904067039489746s
Time to build and compute: 101.44280958175659s

*************** SOLUTION .compute() ***************
[[ 2.00000000e-01  0.00000000e+00  0.00000000e+00  9.08888646e+06]
 [ 2.00027667e-01 -4.10525828e-02  6.84169981e-02  9.08875527e+06]
 [ 2.00110676e-01 -8.25466852e-02  1.37091568e-01  9.08835894e+06]
 ...
 [ 2.95294196e-01 -3.48760899e+01  8.19808834e+01  8.54467680e+06]
 [ 2.94661962e-01 -3.49133857e+01  8.20509028e+01  8.54876739e+06]
 [ 2.93969990e-01 -3.49524967e+01  8.21223842e+01  8.55323099e+06]]
***************************************************


*************** OPT SOLUTION .compute() ***************
[[ 2.00000000e-01  0.00000000e+00  0.00000000e+00  9.08888646e+06]
 [ 2.00003767e-01 -4.07878008e-02  6.84249986e-02  9.08780332e+06]
 [ 2.00034952e-01 -8.20400268e-02  1.37094738e-01  9.08584460e+06]
 ...
 [ 2.69479606e-01 -3.49095508e+01  8.19928994e+01  8.56883606e+06]
 [ 2.69094764e-01 -3.49482558e+01  8.20632261e+01  8.57225194e+06]
 [ 2.68638656e-01 -3.49884519e+01  8.21350453e+01  8.57600579e+06]]
***************************************************


*************** SOLUTION - OPT_SOLUTION ***************
[[ 0.00000000e+00  0.00000000e+00  0.00000000e+00  0.00000000e+00]
 [ 2.39004549e-05 -2.64782016e-04 -8.00048193e-06  9.51945993e+02]
 [ 7.57234157e-05 -5.06658386e-04 -3.16976805e-06  2.51434358e+03]
 ...
 [ 2.58145906e-02  3.34608317e-02 -1.20159960e-02 -2.41592608e+04]
 [ 2.55671986e-02  3.48700021e-02 -1.23233080e-02 -2.34845490e+04]
 [ 2.53313342e-02  3.59552088e-02 -1.26610829e-02 -2.27747957e+04]]
***************************************************

