DESC version 0+untagged.5938.g4e98eb5.dirty,using JAX backend, jax version=0.4.2, jaxlib version=0.4.1, dtype=float64
Using device: NVIDIA A100 80GB PCIe (id=0), with 80.00 GB available memory
/home/jb8985/DESC/desc/io/hdf5_io.py:125: RuntimeWarning: Save attribute '_anisotropy' was not loaded.
  warnings.warn(
Time from beginning until here: 26.948408365249634s
Time to build and compute: 44.255462408065796s
*************** SOLUTION .compute() ***************
0.8997258898690659
***************************************************
Building objective: Particle Tracer
*************** ObjFunction.compile() ***************
Compiling objective function and derivatives: ['Particle Tracer']
*****************************************************
Time to build and compile: 190.47597122192383s
Timer: Linear constraint projection build = 26.6 sec
Building objective: force
Precomputing transforms
Timer: Precomputing transforms = 3.09 sec
Timer: Objective build = 3.94 sec
Timer: Linear constraint projection build = 7.59 sec
Compiling objective function and derivatives: ['Particle Tracer']
Timer: Objective compilation time = 36.8 sec
Timer: Gradient compilation time = 2.55 min
Timer: Total compilation time = 3.16 min
Compiling objective function and derivatives: ['force']
Timer: Objective compilation time = 2.08 sec
Timer: Jacobian compilation time = 5.97 sec
Timer: Total compilation time = 8.06 sec
Number of parameters: 3408
Number of objectives: 250
Number of equality constraints: 16562
Number of inequality constraints: 0
Starting optimization
Using method: fmin-auglag-bfgs
   Iteration     Total nfev        Cost      Cost reduction    Step norm     Optimality    Constr viol.   Penalty param  max(|mltplr|) 
       0              1          4.048e-01                                    3.793e+02      1.802e-08      1.000e+01      0.000e+00   
       1              8          1.422e-01      2.625e-01      2.441e-04      2.349e+02      1.733e-02      1.000e+01      0.000e+00   
       2              9          1.422e-01      4.902e-10      4.053e-12      2.349e+02      1.733e-02      1.000e+01      0.000e+00   
       3             10          1.422e-01     -1.384e-10      1.603e-11      2.349e+02      1.733e-02      1.000e+01      0.000e+00   
Warning: Maximum number of iterations has been exceeded.
         Current function value: 1.422e-01
         Constraint violation: 1.733e-02
         Total delta_x: 2.441e-04
         Iterations: 3
         Function evaluations: 10
         Gradient evaluations: 4
         Hessian evaluations: 0
Timer: Solution time = 11.3 min
Timer: Avg time per step = 2.84 min
Start of solver
Total (sum of squares):  4.048e-01, 
Maximum absolute System solution for initial conditions
Minimum absolute System solution for initial conditions
Average absolute System solution for initial conditions
Maximum absolute System solution for initial conditions(normalized)
Minimum absolute System solution for initial conditions(normalized)
Average absolute System solution for initial conditions(normalized)
Maximum absolute Force error:  7.682e+02 (N)
Minimum absolute Force error:  3.272e-03 (N)
Average absolute Force error:  2.493e+01 (N)
Maximum absolute Force error:  2.107e-07 (normalized)
Minimum absolute Force error:  8.972e-13 (normalized)
Average absolute Force error:  6.836e-09 (normalized)
R boundary error:  0.000e+00 (m)
Z boundary error:  0.000e+00 (m)
Fixed-pressure profile error:  0.000e+00 (Pa)
Fixed-iota profile error:  0.000e+00 (dimensionless)
Fixed-Psi error:  0.000e+00 (Wb)
End of solver
Total (sum of squares):  1.422e-01, 
Maximum absolute System solution for initial conditions
Minimum absolute System solution for initial conditions
Average absolute System solution for initial conditions
Maximum absolute System solution for initial conditions(normalized)
Minimum absolute System solution for initial conditions(normalized)
Average absolute System solution for initial conditions(normalized)
Maximum absolute Force error:  9.415e+08 (N)
Minimum absolute Force error:  5.715e+01 (N)
Average absolute Force error:  2.849e+06 (N)
Maximum absolute Force error:  2.582e-01 (normalized)
Minimum absolute Force error:  1.567e-08 (normalized)
Average absolute Force error:  7.812e-04 (normalized)
R boundary error:  0.000e+00 (m)
Z boundary error:  0.000e+00 (m)
Fixed-pressure profile error:  0.000e+00 (Pa)
Fixed-iota profile error:  0.000e+00 (dimensionless)
Fixed-Psi error:  0.000e+00 (Wb)
Time to optimize: 1023.7666847705841s
