NFP =   1
Psi =   1.00000000E+00
Nbdry =   5
m:   0 n:   0 bR =   3.51000000E+00 bZ =   0.00000000E+00
m:   1 n:   0 bR =   1.00000000E+00 bZ =   0.00000000E+00
m:   2 n:   0 bR =   1.06000000E-01 bZ =   0.00000000E+00
m:  -1 n:   0 bR =   0.00000000E+00 bZ =   1.47000000E+00
m:  -2 n:   0 bR =   0.00000000E+00 bZ =  -1.60000000E-01
Nprof =   5
l:   0 cP =   1.60000000E+03 cI =   1.00000000E+00
l:   1 cP =   0.00000000E+00 cI =   0.00000000E+00
l:   2 cP =  -3.20000000E+03 cI =  -6.70000000E-01
l:   3 cP =   0.00000000E+00 cI =   0.00000000E+00
l:   4 cP =   1.60000000E+03 cI =   0.00000000E+00
NRZ =    36
l:   0 m:   0 n:   0 cR =   3.43829244E+00 cZ =   0.00000000E+00
l:   1 m:  -1 n:   0 cR =   0.00000000E+00 cZ =   1.46127110E+00
l:   1 m:   1 n:   0 cR =   8.99554107E-01 cZ =   0.00000000E+00
l:   2 m:  -2 n:   0 cR =   0.00000000E+00 cZ =   2.86781611E-01
l:   2 m:   0 n:   0 cR =  -2.33496230E-01 cZ =   0.00000000E+00
l:   2 m:   2 n:   0 cR =   3.35190971E-01 cZ =   0.00000000E+00
l:   3 m:  -3 n:   0 cR =   0.00000000E+00 cZ =   1.11866434E-01
l:   3 m:  -1 n:   0 cR =   0.00000000E+00 cZ =   1.82382642E-02
l:   3 m:   1 n:   0 cR =  -8.77285328E-02 cZ =   0.00000000E+00
l:   3 m:   3 n:   0 cR =   1.58246216E-01 cZ =   0.00000000E+00
l:   4 m:  -4 n:   0 cR =   0.00000000E+00 cZ =   2.76476941E-02
l:   4 m:  -2 n:   0 cR =   0.00000000E+00 cZ =  -1.19079392E-02
l:   4 m:   0 n:   0 cR =  -3.29846993E-03 cZ =   0.00000000E+00
l:   4 m:   2 n:   0 cR =  -1.03344691E-02 cZ =   0.00000000E+00
l:   4 m:   4 n:   0 cR =   7.27733924E-02 cZ =   0.00000000E+00
l:   5 m:  -5 n:   0 cR =   0.00000000E+00 cZ =  -2.20499059E-03
l:   5 m:  -3 n:   0 cR =   0.00000000E+00 cZ =   2.01148656E-03
l:   5 m:  -1 n:   0 cR =   0.00000000E+00 cZ =   1.11597819E-03
l:   5 m:   1 n:   0 cR =  -1.17616573E-03 cZ =   0.00000000E+00
l:   5 m:   3 n:   0 cR =  -6.47494132E-03 cZ =   0.00000000E+00
l:   5 m:   5 n:   0 cR =   3.63468255E-02 cZ =   0.00000000E+00
l:   6 m:  -6 n:   0 cR =   0.00000000E+00 cZ =  -2.03203959E-03
l:   6 m:  -4 n:   0 cR =   0.00000000E+00 cZ =   2.33733918E-03
l:   6 m:  -2 n:   0 cR =   0.00000000E+00 cZ =  -3.48480582E-04
l:   6 m:   0 n:   0 cR =  -6.66459411E-04 cZ =   0.00000000E+00
l:   6 m:   2 n:   0 cR =   9.73363844E-04 cZ =   0.00000000E+00
l:   6 m:   4 n:   0 cR =  -3.06153607E-03 cZ =   0.00000000E+00
l:   6 m:   6 n:   0 cR =   1.15076922E-02 cZ =   0.00000000E+00
l:   7 m:  -7 n:   0 cR =   0.00000000E+00 cZ =  -1.32218900E-03
l:   7 m:  -5 n:   0 cR =   0.00000000E+00 cZ =   1.89946798E-04
l:   7 m:  -3 n:   0 cR =   0.00000000E+00 cZ =  -1.28306434E-04
l:   7 m:  -1 n:   0 cR =   0.00000000E+00 cZ =  -6.80956108E-04
l:   7 m:   1 n:   0 cR =   4.25512248E-04 cZ =   0.00000000E+00
l:   7 m:   3 n:   0 cR =  -5.16949841E-04 cZ =   0.00000000E+00
l:   7 m:   5 n:   0 cR =   2.09840847E-04 cZ =   0.00000000E+00
l:   7 m:   7 n:   0 cR =   2.54014235E-03 cZ =   0.00000000E+00
NL =    17
m:  -8 n:   0 cL =  -9.92239198E-03
m:  -7 n:   0 cL =   9.74387116E-03
m:  -6 n:   0 cL =   9.34757055E-04
m:  -5 n:   0 cL =  -7.41416887E-03
m:  -4 n:   0 cL =  -1.52113495E-02
m:  -3 n:   0 cL =  -3.83349632E-02
m:  -2 n:   0 cL =  -1.68679310E-01
m:  -1 n:   0 cL =  -6.01254044E-01
m:   0 n:   0 cL =   0.00000000E+00
m:   1 n:   0 cL =   0.00000000E+00
m:   2 n:   0 cL =   0.00000000E+00
m:   3 n:   0 cL =   0.00000000E+00
m:   4 n:   0 cL =   0.00000000E+00
m:   5 n:   0 cL =   0.00000000E+00
m:   6 n:   0 cL =   0.00000000E+00
m:   7 n:   0 cL =   0.00000000E+00
m:   8 n:   0 cL =   0.00000000E+00
